XXX
XXXX
XXXXX
XXXXXX
XXXXXXX
XXXXXXXX
********
*******
******
*****
****
***
  WWWWWWWWWW
 WWWWWWWWWWW
WWWWWWWWWWWW
    ZZZZ
   ZZZZZ
  ZZZZZZ
 ZZZZZZZ
ZZZZZZZZ
+++++++++++++++++++++++++
 ++++++++++++++++++++++++
  +++++++++++++++++++++++
   ++++++++++++++++++++++
    +++++++++++++++++++++
     ++++++++++++++++++++
      +++++++++++++++++++
       ++++++++++++++++++
        +++++++++++++++++
         ++++++++++++++++
          +++++++++++++++
           ++++++++++++++
            +++++++++++++
             ++++++++++++
              +++++++++++
               ++++++++++
=======
========
????????
???????
 SSSSSSS
SSSSSSSS
&&&&&&&&
 &&&&&&&
                  88
                 888
                8888
               88888
              888888
             8888888
            88888888
           888888888
          8888888888
         88888888888
        888888888888
       8888888888888
      88888888888888
     888888888888888
    8888888888888888
   88888888888888888
  888888888888888888
 8888888888888888888
88888888888888888888
